[debug] [2024-05-09T13:01:38.438Z] ----------------------------------------------------------------------
[debug] [2024-05-09T13:01:38.440Z] Command:       C:\Program Files\nodejs\node.exe C:\Users\sonof\AppData\Roaming\npm\node_modules\firebase-tools\lib\bin\firebase.js init
[debug] [2024-05-09T13:01:38.441Z] CLI Version:   13.8.1
[debug] [2024-05-09T13:01:38.441Z] Platform:      win32
[debug] [2024-05-09T13:01:38.441Z] Node Version:  v18.16.0
[debug] [2024-05-09T13:01:38.442Z] Time:          Thu May 09 2024 18:31:38 GMT+0530 (India Standard Time)
[debug] [2024-05-09T13:01:38.443Z] ----------------------------------------------------------------------
[debug] 
[debug] [2024-05-09T13:01:38.577Z] > command requires scopes: ["email","openid","https://www.googleapis.com/auth/cloudplatformprojects.readonly","https://www.googleapis.com/auth/firebase","https://www.googleapis.com/auth/cloud-platform"]
[debug] [2024-05-09T13:01:38.580Z] > authorizing via signed-in user (vishalj.7661@gmail.com)
[info] 
     ######## #### ########  ######## ########     ###     ######  ########
     ##        ##  ##     ## ##       ##     ##  ##   ##  ##       ##
     ######    ##  ########  ######   ########  #########  ######  ######
     ##        ##  ##    ##  ##       ##     ## ##     ##       ## ##
     ##       #### ##     ## ######## ########  ##     ##  ######  ########

You're about to initialize a Firebase project in this directory:

  C:\Users\sonof\OneDrive\Desktop\All projects\NETF (--currrent project--)\streamhub

Before we get started, keep in mind:

  * You are initializing within an existing Firebase project directory

